<?xml version="1.0" encoding="UTF-8"?>
<testng-results ignored="0" total="1" passed="1" failed="0" skipped="0">
  <reporter-output>
  </reporter-output>
  <suite started-at="2025-07-01T14:24:46 IST" name="Default suite" finished-at="2025-07-01T14:28:39 IST" duration-ms="232877">
    <groups>
    </groups>
    <test started-at="2025-07-01T14:24:46 IST" name="Default test" finished-at="2025-07-01T14:28:39 IST" duration-ms="232877">
      <class name="testpckg.ElephantrunckTest">
        <test-method is-config="true" signature="setUp()[pri:0, instance:testpckg.ElephantrunckTest@7ec7ffd3]" started-at="2025-07-01T14:24:46 IST" name="setUp" finished-at="2025-07-01T14:24:57 IST" duration-ms="11066" status="PASS">
          <reporter-output>
          </reporter-output>
        </test-method> <!-- setUp -->
        <test-method signature="verifyElephant()[pri:0, instance:testpckg.ElephantrunckTest@7ec7ffd3]" started-at="2025-07-01T14:24:57 IST" name="verifyElephant" finished-at="2025-07-01T14:28:39 IST" duration-ms="221730" status="PASS">
          <reporter-output>
          </reporter-output>
        </test-method> <!-- verifyElephant -->
      </class> <!-- testpckg.ElephantrunckTest -->
    </test> <!-- Default test -->
  </suite> <!-- Default suite -->
</testng-results>
